000 (174531.000.000) 07/28 19:29:28 Job submitted from host: <90.147.169.224:9618?addrs=90.147.169.224-9618&noUDP&sock=2441165_0900_3>
...
001 (174531.000.000) 07/28 19:29:37 Job executing on host: <90.147.168.188:34082>
...
006 (174531.000.000) 07/28 19:29:46 Image size of job updated: 122420
	69  -  MemoryUsage of job (MB)
	70012  -  ResidentSetSize of job (KB)
...
006 (174531.000.000) 07/28 19:34:47 Image size of job updated: 122740
	69  -  MemoryUsage of job (MB)
	70012  -  ResidentSetSize of job (KB)
...
006 (174531.000.000) 07/28 19:49:49 Image size of job updated: 122740
	70  -  MemoryUsage of job (MB)
	70972  -  ResidentSetSize of job (KB)
...
005 (174531.000.000) 07/28 20:07:51 Job terminated.
	(1) Normal termination (return value 0)
		Usr 0 00:17:37, Sys 0 00:20:15  -  Run Remote Usage
		Usr 0 00:00:00, Sys 0 00:00:00  -  Run Local Usage
		Usr 0 00:17:37, Sys 0 00:20:15  -  Total Remote Usage
		Usr 0 00:00:00, Sys 0 00:00:00  -  Total Local Usage
	95366  -  Run Bytes Sent By Job
	41304  -  Run Bytes Received By Job
	95366  -  Total Bytes Sent By Job
	41304  -  Total Bytes Received By Job
	Partitionable Resources :    Usage  Request Allocated
	   Cpus                 :                 1         1
	   Disk (KB)            : 15801717       45   8127088
	   Memory (MB)          :       70     2500      2500
...
