000 (165503.000.000) 07/26 10:06:34 Job submitted from host: <90.147.169.224:9618?addrs=90.147.169.224-9618&noUDP&sock=2441165_0900_3>
...
001 (165503.000.000) 07/26 10:06:54 Job executing on host: <90.147.168.35:60391>
...
006 (165503.000.000) 07/26 10:07:03 Image size of job updated: 132828
	69  -  MemoryUsage of job (MB)
	70012  -  ResidentSetSize of job (KB)
...
006 (165503.000.000) 07/26 10:12:04 Image size of job updated: 133244
	69  -  MemoryUsage of job (MB)
	70428  -  ResidentSetSize of job (KB)
...
006 (165503.000.000) 07/26 10:22:04 Image size of job updated: 133244
	70  -  MemoryUsage of job (MB)
	71376  -  ResidentSetSize of job (KB)
...
005 (165503.000.000) 07/26 10:35:55 Job terminated.
	(1) Normal termination (return value 0)
		Usr 0 00:12:38, Sys 0 00:12:31  -  Run Remote Usage
		Usr 0 00:00:00, Sys 0 00:00:00  -  Run Local Usage
		Usr 0 00:12:38, Sys 0 00:12:31  -  Total Remote Usage
		Usr 0 00:00:00, Sys 0 00:00:00  -  Total Local Usage
	95366  -  Run Bytes Sent By Job
	41304  -  Run Bytes Received By Job
	95366  -  Total Bytes Sent By Job
	41304  -  Total Bytes Received By Job
	Partitionable Resources :    Usage  Request Allocated
	   Cpus                 :                 1         1
	   Disk (KB)            : 18009916       45   2872427
	   Memory (MB)          :       70     2500      2500
...
